[2020-12-17T16:30:52.225] [DEBUG] cheese - login => username:1111,password:1111111
[2020-12-17T16:30:52.227] [DEBUG] cheese - 1111
[2020-12-17T16:30:52.248] [DEBUG] cheese - null
[2020-12-17T16:30:52.249] [DEBUG] cheese - null
[2020-12-17T16:30:59.234] [DEBUG] cheese - login => username:admin,password:admin
[2020-12-17T16:30:59.234] [DEBUG] cheese - admin
[2020-12-17T16:30:59.242] [DEBUG] cheese - null
[2020-12-17T16:30:59.242] [DEBUG] cheese - null
[2020-12-17T16:31:01.061] [DEBUG] cheese - login => username:admin,password:admin
[2020-12-17T16:31:01.061] [DEBUG] cheese - admin
[2020-12-17T16:31:01.065] [DEBUG] cheese - null
[2020-12-17T16:31:01.065] [DEBUG] cheese - null
[2020-12-17T16:31:03.875] [DEBUG] cheese - login => username:admin,password:admin
[2020-12-17T16:31:03.875] [DEBUG] cheese - admin
[2020-12-17T16:31:03.878] [DEBUG] cheese - null
[2020-12-17T16:31:03.878] [DEBUG] cheese - null
[2020-12-17T16:31:04.192] [DEBUG] cheese - login => username:admin,password:admin
[2020-12-17T16:31:04.192] [DEBUG] cheese - admin
[2020-12-17T16:31:04.195] [DEBUG] cheese - null
[2020-12-17T16:31:04.195] [DEBUG] cheese - null
[2020-12-17T16:31:04.370] [DEBUG] cheese - login => username:admin,password:admin
[2020-12-17T16:31:04.371] [DEBUG] cheese - admin
[2020-12-17T16:31:04.374] [DEBUG] cheese - null
[2020-12-17T16:31:04.374] [DEBUG] cheese - null
[2020-12-17T16:31:04.554] [DEBUG] cheese - login => username:admin,password:admin
[2020-12-17T16:31:04.554] [DEBUG] cheese - admin
[2020-12-17T16:31:04.557] [DEBUG] cheese - null
[2020-12-17T16:31:04.557] [DEBUG] cheese - null
[2020-12-17T16:31:04.734] [DEBUG] cheese - login => username:admin,password:admin
[2020-12-17T16:31:04.735] [DEBUG] cheese - admin
[2020-12-17T16:31:04.737] [DEBUG] cheese - null
[2020-12-17T16:31:04.737] [DEBUG] cheese - null
[2020-12-17T16:31:04.890] [DEBUG] cheese - login => username:admin,password:admin
[2020-12-17T16:31:04.890] [DEBUG] cheese - admin
[2020-12-17T16:31:04.893] [DEBUG] cheese - null
[2020-12-17T16:31:04.893] [DEBUG] cheese - null
[2020-12-17T16:32:20.759] [DEBUG] cheese - login => username:admin,password:123456
[2020-12-17T16:32:20.759] [DEBUG] cheese - admin
[2020-12-17T16:32:20.762] [DEBUG] cheese - null
[2020-12-17T16:32:20.762] [DEBUG] cheese - null
[2020-12-17T16:37:48.131] [DEBUG] cheese - login => username:1111,password:11111
[2020-12-17T16:37:48.131] [DEBUG] cheese - 1111
[2020-12-17T16:37:48.139] [DEBUG] cheese - null
[2020-12-17T16:37:48.139] [DEBUG] cheese - null
[2020-12-17T16:37:55.882] [DEBUG] cheese - login => username:1111,password:11111
[2020-12-17T16:37:55.882] [DEBUG] cheese - 1111
[2020-12-17T16:37:55.885] [DEBUG] cheese - null
[2020-12-17T16:37:55.885] [DEBUG] cheese - null
[2020-12-17T16:40:15.405] [DEBUG] cheese - login => username:1111,password:1111
[2020-12-17T16:40:15.405] [DEBUG] cheese - 1111
[2020-12-17T16:40:15.412] [DEBUG] cheese - null
[2020-12-17T16:40:15.412] [DEBUG] cheese - null
[2020-12-17T16:41:49.274] [DEBUG] cheese - login => username:1111,password:11111
[2020-12-17T16:41:49.274] [DEBUG] cheese - 1111
[2020-12-17T16:41:49.278] [DEBUG] cheese - null
[2020-12-17T16:41:49.278] [DEBUG] cheese - null
[2020-12-17T16:42:01.372] [DEBUG] cheese - login => username:111,password:11111
[2020-12-17T16:42:01.373] [DEBUG] cheese - 111
[2020-12-17T16:42:01.375] [DEBUG] cheese - null
[2020-12-17T16:42:01.375] [DEBUG] cheese - null
[2020-12-17T16:42:03.466] [DEBUG] cheese - login => username:1111,password:11111
[2020-12-17T16:42:03.466] [DEBUG] cheese - 1111
[2020-12-17T16:42:03.468] [DEBUG] cheese - null
[2020-12-17T16:42:03.469] [DEBUG] cheese - null
[2020-12-17T16:42:04.211] [DEBUG] cheese - login => username:1111,password:11111
[2020-12-17T16:42:04.211] [DEBUG] cheese - 1111
[2020-12-17T16:42:04.213] [DEBUG] cheese - null
[2020-12-17T16:42:04.214] [DEBUG] cheese - null
[2020-12-17T16:42:05.389] [DEBUG] cheese - login => username:1111,password:111111
[2020-12-17T16:42:05.389] [DEBUG] cheese - 1111
[2020-12-17T16:42:05.391] [DEBUG] cheese - null
[2020-12-17T16:42:05.391] [DEBUG] cheese - null
[2020-12-17T16:42:27.748] [DEBUG] cheese - login => username:1111,password:11111
[2020-12-17T16:42:27.748] [DEBUG] cheese - 1111
[2020-12-17T16:42:27.751] [DEBUG] cheese - null
[2020-12-17T16:42:27.751] [DEBUG] cheese - null
[2020-12-17T16:42:29.285] [DEBUG] cheese - login => username:1111,password:11111
[2020-12-17T16:42:29.285] [DEBUG] cheese - 1111
[2020-12-17T16:42:29.287] [DEBUG] cheese - null
[2020-12-17T16:42:29.287] [DEBUG] cheese - null
[2020-12-17T16:42:29.472] [DEBUG] cheese - login => username:1111,password:11111
[2020-12-17T16:42:29.472] [DEBUG] cheese - 1111
[2020-12-17T16:42:29.474] [DEBUG] cheese - null
[2020-12-17T16:42:29.475] [DEBUG] cheese - null
[2020-12-17T16:42:29.659] [DEBUG] cheese - login => username:1111,password:11111
[2020-12-17T16:42:29.660] [DEBUG] cheese - 1111
[2020-12-17T16:42:29.662] [DEBUG] cheese - null
[2020-12-17T16:42:29.662] [DEBUG] cheese - null
[2020-12-17T16:42:29.845] [DEBUG] cheese - login => username:1111,password:11111
[2020-12-17T16:42:29.845] [DEBUG] cheese - 1111
[2020-12-17T16:42:29.848] [DEBUG] cheese - null
[2020-12-17T16:42:29.848] [DEBUG] cheese - null
[2020-12-17T16:42:30.029] [DEBUG] cheese - login => username:1111,password:11111
[2020-12-17T16:42:30.029] [DEBUG] cheese - 1111
[2020-12-17T16:42:30.031] [DEBUG] cheese - null
[2020-12-17T16:42:30.031] [DEBUG] cheese - null
[2020-12-17T16:42:30.202] [DEBUG] cheese - login => username:1111,password:11111
[2020-12-17T16:42:30.202] [DEBUG] cheese - 1111
[2020-12-17T16:42:30.204] [DEBUG] cheese - null
[2020-12-17T16:42:30.204] [DEBUG] cheese - null
[2020-12-17T16:42:30.486] [DEBUG] cheese - login => username:1111,password:11111
[2020-12-17T16:42:30.486] [DEBUG] cheese - 1111
[2020-12-17T16:42:30.488] [DEBUG] cheese - null
[2020-12-17T16:42:30.488] [DEBUG] cheese - null
[2020-12-17T16:51:34.502] [DEBUG] cheese - login => username:111,password:11111
[2020-12-17T16:51:34.502] [DEBUG] cheese - 111
[2020-12-17T16:51:34.508] [DEBUG] cheese - null
[2020-12-17T16:51:34.508] [DEBUG] cheese - null
[2020-12-17T16:51:35.718] [DEBUG] cheese - login => username:111,password:11111
[2020-12-17T16:51:35.718] [DEBUG] cheese - 111
[2020-12-17T16:51:35.722] [DEBUG] cheese - null
[2020-12-17T16:51:35.722] [DEBUG] cheese - null
[2020-12-17T16:51:35.967] [DEBUG] cheese - login => username:111,password:11111
[2020-12-17T16:51:35.967] [DEBUG] cheese - 111
[2020-12-17T16:51:35.970] [DEBUG] cheese - null
[2020-12-17T16:51:35.970] [DEBUG] cheese - null
[2020-12-17T16:51:36.213] [DEBUG] cheese - login => username:111,password:11111
[2020-12-17T16:51:36.213] [DEBUG] cheese - 111
[2020-12-17T16:51:36.215] [DEBUG] cheese - null
[2020-12-17T16:51:36.215] [DEBUG] cheese - null
[2020-12-17T16:51:36.631] [DEBUG] cheese - login => username:111,password:11111
[2020-12-17T16:51:36.631] [DEBUG] cheese - 111
[2020-12-17T16:51:36.634] [DEBUG] cheese - null
[2020-12-17T16:51:36.634] [DEBUG] cheese - null
[2020-12-17T16:51:38.151] [DEBUG] cheese - login => username:111,password:11111
[2020-12-17T16:51:38.151] [DEBUG] cheese - 111
[2020-12-17T16:51:38.154] [DEBUG] cheese - null
[2020-12-17T16:51:38.154] [DEBUG] cheese - null
[2020-12-17T16:51:40.078] [DEBUG] cheese - login => username:111,password:11111
[2020-12-17T16:51:40.078] [DEBUG] cheese - 111
[2020-12-17T16:51:40.080] [DEBUG] cheese - null
[2020-12-17T16:51:40.080] [DEBUG] cheese - null
[2020-12-17T16:51:48.025] [DEBUG] cheese - login => username:admin,password:123456
[2020-12-17T16:51:48.025] [DEBUG] cheese - admin
[2020-12-17T16:51:48.028] [DEBUG] cheese - null
[2020-12-17T16:51:48.028] [DEBUG] cheese - null
[2020-12-17T16:52:38.268] [DEBUG] cheese - login => username:admin,password:123456
[2020-12-17T16:52:38.268] [DEBUG] cheese - admin
[2020-12-17T16:52:38.271] [DEBUG] cheese - null
[2020-12-17T16:52:38.271] [DEBUG] cheese - null
[2020-12-17T16:55:08.370] [DEBUG] cheese - login => username:admin,password:123456
[2020-12-17T16:55:08.370] [DEBUG] cheese - admin
[2020-12-17T16:55:08.376] [DEBUG] cheese - null
[2020-12-17T16:55:08.376] [DEBUG] cheese - null
[2020-12-17T16:55:08.890] [DEBUG] cheese - login => username:admin,password:123456
[2020-12-17T16:55:08.891] [DEBUG] cheese - admin
[2020-12-17T16:55:08.895] [DEBUG] cheese - null
[2020-12-17T16:55:08.895] [DEBUG] cheese - null
[2020-12-17T16:55:09.066] [DEBUG] cheese - login => username:admin,password:123456
[2020-12-17T16:55:09.067] [DEBUG] cheese - admin
[2020-12-17T16:55:09.070] [DEBUG] cheese - null
[2020-12-17T16:55:09.070] [DEBUG] cheese - null
[2020-12-17T16:55:10.041] [DEBUG] cheese - login => username:admin,password:123456
[2020-12-17T16:55:10.041] [DEBUG] cheese - admin
[2020-12-17T16:55:10.043] [DEBUG] cheese - null
[2020-12-17T16:55:10.044] [DEBUG] cheese - null
[2020-12-17T16:55:47.249] [DEBUG] cheese - login => username:111,password:11111
[2020-12-17T16:55:47.249] [DEBUG] cheese - 111
[2020-12-17T16:55:47.251] [DEBUG] cheese - null
[2020-12-17T16:55:47.251] [DEBUG] cheese - null
[2020-12-17T16:55:48.458] [DEBUG] cheese - login => username:111,password:11111
[2020-12-17T16:55:48.459] [DEBUG] cheese - 111
[2020-12-17T16:55:48.462] [DEBUG] cheese - null
[2020-12-17T16:55:48.462] [DEBUG] cheese - null
[2020-12-17T16:55:48.646] [DEBUG] cheese - login => username:111,password:11111
[2020-12-17T16:55:48.646] [DEBUG] cheese - 111
[2020-12-17T16:55:48.649] [DEBUG] cheese - null
[2020-12-17T16:55:48.649] [DEBUG] cheese - null
[2020-12-17T16:55:48.874] [DEBUG] cheese - login => username:111,password:11111
[2020-12-17T16:55:48.874] [DEBUG] cheese - 111
[2020-12-17T16:55:48.877] [DEBUG] cheese - null
[2020-12-17T16:55:48.877] [DEBUG] cheese - null
[2020-12-17T16:55:49.737] [DEBUG] cheese - login => username:111,password:11111
[2020-12-17T16:55:49.737] [DEBUG] cheese - 111
[2020-12-17T16:55:49.741] [DEBUG] cheese - null
[2020-12-17T16:55:49.741] [DEBUG] cheese - null
[2020-12-17T16:57:06.735] [DEBUG] cheese - login => username:admin,password:123456
[2020-12-17T16:57:06.735] [DEBUG] cheese - admin
[2020-12-17T16:57:06.739] [DEBUG] cheese - null
[2020-12-17T16:57:06.739] [DEBUG] cheese - null
[2020-12-17T16:57:08.211] [DEBUG] cheese - login => username:admin,password:123456
[2020-12-17T16:57:08.211] [DEBUG] cheese - admin
[2020-12-17T16:57:08.213] [DEBUG] cheese - null
[2020-12-17T16:57:08.213] [DEBUG] cheese - null
[2020-12-17T17:11:45.812] [DEBUG] cheese - login => username:admin,password:123456
[2020-12-17T17:11:45.812] [DEBUG] cheese - admin
[2020-12-17T17:11:45.821] [DEBUG] cheese - null
[2020-12-17T17:11:45.821] [DEBUG] cheese - null
[2020-12-17T17:16:36.916] [DEBUG] cheese - login => username:111,password:1111
[2020-12-17T17:16:36.916] [DEBUG] cheese - 111
[2020-12-17T17:16:36.923] [DEBUG] cheese - null
[2020-12-17T17:16:36.923] [DEBUG] cheese - null
[2020-12-17T17:16:38.626] [DEBUG] cheese - login => username:1111,password:1111
[2020-12-17T17:16:38.626] [DEBUG] cheese - 1111
[2020-12-17T17:16:38.629] [DEBUG] cheese - null
[2020-12-17T17:16:38.629] [DEBUG] cheese - null
[2020-12-17T17:16:43.769] [DEBUG] cheese - login => username:admin,password:123456
[2020-12-17T17:16:43.769] [DEBUG] cheese - admin
[2020-12-17T17:16:43.772] [DEBUG] cheese - null
[2020-12-17T17:16:43.772] [DEBUG] cheese - null
[2020-12-17T17:23:12.601] [DEBUG] cheese - login => username:admin,password:123456
[2020-12-17T17:23:12.601] [DEBUG] cheese - admin
[2020-12-17T17:23:12.608] [DEBUG] cheese - null
[2020-12-17T17:23:12.608] [DEBUG] cheese - null
[2020-12-17T17:45:54.760] [DEBUG] cheese - login => username:admin,password:123456
[2020-12-17T17:45:54.760] [DEBUG] cheese - admin
[2020-12-17T17:45:54.769] [DEBUG] cheese - null
[2020-12-17T17:45:54.769] [DEBUG] cheese - null
[2020-12-17T18:57:58.528] [DEBUG] cheese - login => username:admin,password:123456
[2020-12-17T18:57:58.529] [DEBUG] cheese - admin
[2020-12-17T18:57:58.547] [DEBUG] cheese - null
[2020-12-17T18:57:58.547] [DEBUG] cheese - null
[2020-12-17T19:01:12.842] [DEBUG] cheese - login => username:admin,password:123456
[2020-12-17T19:01:12.842] [DEBUG] cheese - admin
[2020-12-17T19:01:12.851] [DEBUG] cheese - null
[2020-12-17T19:01:12.851] [DEBUG] cheese - null
[2020-12-17T19:33:10.109] [DEBUG] cheese - login => username:admin,password:123456
[2020-12-17T19:33:10.111] [DEBUG] cheese - admin
[2020-12-17T19:33:10.126] [DEBUG] cheese - null
[2020-12-17T19:33:10.126] [DEBUG] cheese - null
[2020-12-17T22:14:11.764] [DEBUG] cheese - login => username:admin,password:123456
[2020-12-17T22:14:11.771] [DEBUG] cheese - admin
[2020-12-17T22:14:11.803] [DEBUG] cheese - null
[2020-12-17T22:14:11.804] [DEBUG] cheese - null
[2020-12-18T15:32:59.919] [DEBUG] cheese - login => username:admin,password:123456
[2020-12-18T15:32:59.921] [DEBUG] cheese - admin
[2020-12-18T15:32:59.985] [DEBUG] cheese - null
[2020-12-18T15:32:59.985] [DEBUG] cheese - null
[2020-12-18T15:47:27.670] [DEBUG] cheese - login => username:admin,password:123456
[2020-12-18T15:47:27.670] [DEBUG] cheese - admin
[2020-12-18T15:47:27.674] [DEBUG] cheese - null
[2020-12-18T15:47:27.674] [DEBUG] cheese - null
[2020-12-18T15:56:17.188] [DEBUG] cheese - login => username:admin,password:123456
[2020-12-18T15:56:17.189] [DEBUG] cheese - admin
[2020-12-18T15:56:17.195] [DEBUG] cheese - null
[2020-12-18T15:56:17.195] [DEBUG] cheese - null
[2020-12-18T15:57:20.849] [DEBUG] cheese - login => username:admin,password:123456
[2020-12-18T15:57:20.849] [DEBUG] cheese - admin
[2020-12-18T15:57:20.851] [DEBUG] cheese - null
[2020-12-18T15:57:20.851] [DEBUG] cheese - null
[2020-12-18T15:57:51.350] [DEBUG] cheese - login => username:admin,password:123456
[2020-12-18T15:57:51.350] [DEBUG] cheese - admin
[2020-12-18T15:57:51.354] [DEBUG] cheese - null
[2020-12-18T15:57:51.354] [DEBUG] cheese - null
[2020-12-18T16:00:39.541] [DEBUG] cheese - login => username:admin,password:123456
[2020-12-18T16:00:39.541] [DEBUG] cheese - admin
[2020-12-18T16:00:39.544] [DEBUG] cheese - null
[2020-12-18T16:00:39.544] [DEBUG] cheese - null
[2020-12-18T16:05:00.201] [DEBUG] cheese - login => username:admin,password:123456
[2020-12-18T16:05:00.202] [DEBUG] cheese - admin
[2020-12-18T16:05:00.204] [DEBUG] cheese - null
[2020-12-18T16:05:00.204] [DEBUG] cheese - null
[2020-12-18T16:07:16.930] [DEBUG] cheese - login => username:admin,password:123456
[2020-12-18T16:07:16.930] [DEBUG] cheese - admin
[2020-12-18T16:07:16.932] [DEBUG] cheese - null
[2020-12-18T16:07:16.932] [DEBUG] cheese - null
[2020-12-18T16:07:27.785] [DEBUG] cheese - login => username:admin,password:123456
[2020-12-18T16:07:27.785] [DEBUG] cheese - admin
[2020-12-18T16:07:27.789] [DEBUG] cheese - null
[2020-12-18T16:07:27.789] [DEBUG] cheese - null
[2020-12-18T18:17:11.611] [DEBUG] cheese - login => username:admin,password:123456
[2020-12-18T18:17:11.611] [DEBUG] cheese - admin
[2020-12-18T18:17:11.616] [DEBUG] cheese - null
[2020-12-18T18:17:11.616] [DEBUG] cheese - null
[2020-12-18T19:40:58.455] [DEBUG] cheese - login => username:admin,password:123456
[2020-12-18T19:40:58.456] [DEBUG] cheese - admin
[2020-12-18T19:40:58.458] [DEBUG] cheese - null
[2020-12-18T19:40:58.458] [DEBUG] cheese - null
[2020-12-18T20:23:58.195] [DEBUG] cheese - login => username:admin,password:123456
[2020-12-18T20:23:58.195] [DEBUG] cheese - admin
[2020-12-18T20:23:58.201] [DEBUG] cheese - null
[2020-12-18T20:23:58.201] [DEBUG] cheese - null
[2020-12-18T20:51:12.256] [DEBUG] cheese - login => username:admin,password:123456
[2020-12-18T20:51:12.257] [DEBUG] cheese - admin
[2020-12-18T20:51:12.258] [DEBUG] cheese - null
[2020-12-18T20:51:12.259] [DEBUG] cheese - null
[2020-12-19T12:08:11.787] [DEBUG] cheese - login => username:admin,password:123456
[2020-12-19T12:08:11.789] [DEBUG] cheese - admin
[2020-12-19T12:08:11.804] [DEBUG] cheese - null
[2020-12-19T12:08:11.805] [DEBUG] cheese - null
[2020-12-19T16:46:32.269] [DEBUG] cheese - null
[2020-12-19T16:51:41.485] [DEBUG] cheese - null
[2020-12-19T16:53:54.611] [DEBUG] cheese - null
[2020-12-19T16:55:20.932] [DEBUG] cheese - null
[2020-12-19T16:56:09.705] [DEBUG] cheese - null
[2020-12-19T17:00:13.727] [DEBUG] cheese - null
[2020-12-19T17:01:43.376] [DEBUG] cheese - null
[2020-12-19T17:02:37.594] [DEBUG] cheese - null
[2020-12-19T17:02:50.565] [DEBUG] cheese - null
[2020-12-19T17:03:29.584] [DEBUG] cheese - null
[2020-12-19T17:04:23.263] [DEBUG] cheese - null
[2020-12-20T16:07:23.688] [DEBUG] cheese - login => username:admin,password:123456
[2020-12-20T16:07:23.691] [DEBUG] cheese - admin
[2020-12-20T16:07:23.733] [DEBUG] cheese - null
[2020-12-20T16:07:23.734] [DEBUG] cheese - null
[2020-12-20T18:30:43.856] [DEBUG] cheese - login => username:admin,password:123456
[2020-12-20T18:30:43.858] [DEBUG] cheese - admin
[2020-12-20T18:30:43.873] [DEBUG] cheese - null
[2020-12-20T18:30:43.873] [DEBUG] cheese - null
[2020-12-21T18:41:19.145] [DEBUG] cheese - login => username:admin,password:123456
[2020-12-21T18:41:19.147] [DEBUG] cheese - admin
[2020-12-21T18:41:19.167] [DEBUG] cheese - null
[2020-12-21T18:41:19.168] [DEBUG] cheese - null
[2020-12-25T18:18:24.292] [DEBUG] cheese - login => username:admin,password:123456
[2020-12-25T18:18:24.293] [DEBUG] cheese - admin
[2020-12-25T18:18:24.314] [DEBUG] cheese - null
[2020-12-25T18:18:24.315] [DEBUG] cheese - null
[2020-12-25T18:36:08.842] [DEBUG] cheese - login => username:admin,password:123456
[2020-12-25T18:36:08.844] [DEBUG] cheese - admin
[2020-12-25T18:36:08.858] [DEBUG] cheese - null
[2020-12-25T18:36:08.859] [DEBUG] cheese - null
[2020-12-26T17:18:39.023] [DEBUG] cheese - login => username:admin,password:123456
[2020-12-26T17:18:39.024] [DEBUG] cheese - admin
[2020-12-26T17:18:39.042] [DEBUG] cheese - null
[2020-12-26T17:18:39.043] [DEBUG] cheese - null
[2020-12-26T18:54:19.693] [DEBUG] cheese - login => username:admin,password:123456
[2020-12-26T18:54:19.695] [DEBUG] cheese - admin
[2020-12-26T18:54:19.702] [DEBUG] cheese - null
[2020-12-26T18:54:19.703] [DEBUG] cheese - null
[2020-12-26T22:47:35.909] [DEBUG] cheese - login => username:admin,password:123456
[2020-12-26T22:47:35.912] [DEBUG] cheese - admin
[2020-12-26T22:47:35.944] [DEBUG] cheese - null
[2020-12-26T22:47:35.947] [DEBUG] cheese - null
[2020-12-26T22:48:11.297] [DEBUG] cheese - login => username:admin,password:123456
[2020-12-26T22:48:11.297] [DEBUG] cheese - admin
[2020-12-26T22:48:11.300] [DEBUG] cheese - null
[2020-12-26T22:48:11.300] [DEBUG] cheese - null
[2020-12-27T00:41:53.664] [DEBUG] cheese - login => username:admin,password:123456
[2020-12-27T00:41:53.669] [DEBUG] cheese - admin
[2020-12-27T00:41:53.696] [DEBUG] cheese - null
[2020-12-27T00:41:53.697] [DEBUG] cheese - null
[2020-12-27T16:15:43.818] [DEBUG] cheese - login => username:admin,password:123456
[2020-12-27T16:15:43.819] [DEBUG] cheese - admin
[2020-12-27T16:15:43.835] [DEBUG] cheese - null
[2020-12-27T16:15:43.836] [DEBUG] cheese - null
[2020-12-27T20:28:26.599] [DEBUG] cheese - login => username:admin,password:123456
[2020-12-27T20:28:26.605] [DEBUG] cheese - admin
[2020-12-27T20:28:26.627] [DEBUG] cheese - null
[2020-12-27T20:28:26.627] [DEBUG] cheese - null
